<?xml version="1.0" encoding="UTF-8"?>
<!-- Generated by org.testng.reporters.JUnitReportReporter -->
<testsuite name="com.tribe.tat.NavigationTestTwo" tests="4" time="14.642" ignored="0" failures="0" timestamp="28 Jan 2017 22:38:01 GMT" skipped="0" hostname="DESKTOP-F1RSCMN" errors="0">
  <testcase name="CanNavigateToSiteThree" time="3.651" classname="com.tribe.tat.NavigationTestTwo"/>
  <testcase name="CanNavigateToSite" time="3.650" classname="com.tribe.tat.NavigationTestTwo"/>
  <testcase name="CanNavigateToSiteFour" time="3.704" classname="com.tribe.tat.NavigationTestTwo"/>
  <testcase name="CanNavigateToSiteTwo" time="3.637" classname="com.tribe.tat.NavigationTestTwo"/>
</testsuite> <!-- com.tribe.tat.NavigationTestTwo -->
