<?xml version="1.0" encoding="UTF-8"?>
<!-- Generated by org.testng.reporters.JUnitReportReporter -->
<testsuite name="com.tribe.tat.NavigationTest" tests="8" time="33.719" ignored="0" failures="0" timestamp="02 Jan 2017 23:33:14 GMT" skipped="0" hostname="DESKTOP-F1RSCMN" errors="0">
  <testcase name="CanNavigateToSiteTwo" time="3.921" classname="com.tribe.tat.NavigationTest"/>
  <testcase name="CanNavigateToSiteFour" time="3.909" classname="com.tribe.tat.NavigationTest"/>
  <testcase name="CanNavigateToSiteTwo" time="3.912" classname="com.tribe.tat.NavigationTest"/>
  <testcase name="CanNavigateToSiteFour" time="4.852" classname="com.tribe.tat.NavigationTest"/>
  <testcase name="CanNavigateToSiteThree" time="4.063" classname="com.tribe.tat.NavigationTest"/>
  <testcase name="CanNavigateToSite" time="5.598" classname="com.tribe.tat.NavigationTest"/>
  <testcase name="CanNavigateToSite" time="3.631" classname="com.tribe.tat.NavigationTest"/>
  <testcase name="CanNavigateToSiteThree" time="3.833" classname="com.tribe.tat.NavigationTest"/>
</testsuite> <!-- com.tribe.tat.NavigationTest -->
