<?xml version="1.0" encoding="UTF-8"?>
<!-- Generated by org.testng.reporters.JUnitReportReporter -->
<testsuite name="com.tribe.tat.NavigationTest" tests="8" time="30.680" ignored="0" failures="0" timestamp="28 Jan 2017 22:38:01 GMT" skipped="0" hostname="DESKTOP-F1RSCMN" errors="0">
  <testcase name="CanNavigateToSiteTwo" time="3.673" classname="com.tribe.tat.NavigationTest"/>
  <testcase name="CanNavigateToSiteFour" time="3.649" classname="com.tribe.tat.NavigationTest"/>
  <testcase name="CanNavigateToSiteTwo" time="3.707" classname="com.tribe.tat.NavigationTest"/>
  <testcase name="CanNavigateToSiteFour" time="3.728" classname="com.tribe.tat.NavigationTest"/>
  <testcase name="CanNavigateToSiteThree" time="3.717" classname="com.tribe.tat.NavigationTest"/>
  <testcase name="CanNavigateToSite" time="4.776" classname="com.tribe.tat.NavigationTest"/>
  <testcase name="CanNavigateToSite" time="3.719" classname="com.tribe.tat.NavigationTest"/>
  <testcase name="CanNavigateToSiteThree" time="3.711" classname="com.tribe.tat.NavigationTest"/>
</testsuite> <!-- com.tribe.tat.NavigationTest -->
