<?xml version="1.0" encoding="UTF-8"?>
<!-- Generated by org.testng.reporters.JUnitReportReporter -->
<testsuite name="com.tribe.tat.NavigationTestTwo" tests="4" time="15.998" ignored="0" failures="0" timestamp="02 Jan 2017 23:33:14 GMT" skipped="0" hostname="DESKTOP-F1RSCMN" errors="0">
  <testcase name="CanNavigateToSiteThree" time="3.831" classname="com.tribe.tat.NavigationTestTwo"/>
  <testcase name="CanNavigateToSite" time="3.925" classname="com.tribe.tat.NavigationTestTwo"/>
  <testcase name="CanNavigateToSiteFour" time="4.129" classname="com.tribe.tat.NavigationTestTwo"/>
  <testcase name="CanNavigateToSiteTwo" time="4.113" classname="com.tribe.tat.NavigationTestTwo"/>
</testsuite> <!-- com.tribe.tat.NavigationTestTwo -->
